<?xml version="1.0" encoding="UTF-8"?>
<!-- Generated by org.testng.reporters.JUnitReportReporter -->
<testsuite hostname="PFTBLR-RMZ-021" failures="1" tests="1" name="com.pft.qa.HandlingFlash" time="0.000" errors="0" timestamp="3 Aug 2020 11:48:24 GMT">
  <testcase classname="com.pft.qa.HandlingFlash" name="settings" time="0.000">
    <failure message="session not created: This version of ChromeDriver only supports Chrome version 79
Build info: version: &#039;3.141.59&#039;, revision: &#039;e82be7d358&#039;, time: &#039;2018-11-14T08:17:03&#039;
System info: host: &#039;PFTBLR-RMZ-021&#039;, ip: &#039;10.1.176.221&#039;, os.name: &#039;Windows 10&#039;, os.arch: &#039;amd64&#039;, os.version: &#039;10.0&#039;, java.version: &#039;12.0.2&#039;
Driver info: driver.version: ChromeDriver
remote stacktrace: Backtrace:
	Ordinal0 [0x00D5A113+1548563]
	Ordinal0 [0x00CDDDA1+1039777]
	Ordinal0 [0x00C5E485+517253]
	Ordinal0 [0x00BEFD34+64820]
	Ordinal0 [0x00BEC61E+50718]
	Ordinal0 [0x00C0B797+178071]
	Ordinal0 [0x00C0B59D+177565]
	Ordinal0 [0x00C095FB+169467]
	Ordinal0 [0x00BF160A+71178]
	Ordinal0 [0x00BF2690+75408]
	Ordinal0 [0x00BF2629+75305]
	Ordinal0 [0x00CF71B7+1143223]
	GetHandleVerifier [0x00DF2B46+507814]
	GetHandleVerifier [0x00DF2864+507076]
	GetHandleVerifier [0x00DF9F47+537511]
	GetHandleVerifier [0x00DF3402+510050]
	Ordinal0 [0x00CEF29C+1110684]
	Ordinal0 [0x00CF938B+1151883]
	Ordinal0 [0x00CF94F3+1152243]
	Ordinal0 [0x00CF83F5+1147893]
	BaseThreadInitThunk [0x74F20419+25]
	RtlGetAppContainerNamedObjectPath [0x774F66DD+237]
	RtlGetAppContainerNamedObjectPath [0x774F66AD+189]
" type="org.openqa.selenium.SessionNotCreatedException">
      <![CDATA[org.openqa.selenium.SessionNotCreatedException: session not created: This version of ChromeDriver only supports Chrome version 79
Build info: version: '3.141.59', revision: 'e82be7d358', time: '2018-11-14T08:17:03'
System info: host: 'PFTBLR-RMZ-021', ip: '10.1.176.221', os.name: 'Windows 10', os.arch: 'amd64', os.version: '10.0', java.version: '12.0.2'
Driver info: driver.version: ChromeDriver
remote stacktrace: Backtrace:
	Ordinal0 [0x00D5A113+1548563]
	Ordinal0 [0x00CDDDA1+1039777]
	Ordinal0 [0x00C5E485+517253]
	Ordinal0 [0x00BEFD34+64820]
	Ordinal0 [0x00BEC61E+50718]
	Ordinal0 [0x00C0B797+178071]
	Ordinal0 [0x00C0B59D+177565]
	Ordinal0 [0x00C095FB+169467]
	Ordinal0 [0x00BF160A+71178]
	Ordinal0 [0x00BF2690+75408]
	Ordinal0 [0x00BF2629+75305]
	Ordinal0 [0x00CF71B7+1143223]
	GetHandleVerifier [0x00DF2B46+507814]
	GetHandleVerifier [0x00DF2864+507076]
	GetHandleVerifier [0x00DF9F47+537511]
	GetHandleVerifier [0x00DF3402+510050]
	Ordinal0 [0x00CEF29C+1110684]
	Ordinal0 [0x00CF938B+1151883]
	Ordinal0 [0x00CF94F3+1152243]
	Ordinal0 [0x00CF83F5+1147893]
	BaseThreadInitThunk [0x74F20419+25]
	RtlGetAppContainerNamedObjectPath [0x774F66DD+237]
	RtlGetAppContainerNamedObjectPath [0x774F66AD+189]

	at java.base/jdk.internal.reflect.NativeConstructorAccessorImpl.newInstance0(Native Method)
	at java.base/jdk.internal.reflect.NativeConstructorAccessorImpl.newInstance(NativeConstructorAccessorImpl.java:62)
	at java.base/jdk.internal.reflect.DelegatingConstructorAccessorImpl.newInstance(DelegatingConstructorAccessorImpl.java:45)
	at java.base/java.lang.reflect.Constructor.newInstanceWithCaller(Constructor.java:500)
	at java.base/java.lang.reflect.Constructor.newInstance(Constructor.java:481)
	at org.openqa.selenium.remote.W3CHandshakeResponse.lambda$errorHandler$0(W3CHandshakeResponse.java:62)
	at org.openqa.selenium.remote.HandshakeResponse.lambda$getResponseFunction$0(HandshakeResponse.java:30)
	at org.openqa.selenium.remote.ProtocolHandshake.lambda$createSession$0(ProtocolHandshake.java:126)
	at java.base/java.util.stream.ReferencePipeline$3$1.accept(ReferencePipeline.java:195)
	at java.base/java.util.Spliterators$ArraySpliterator.tryAdvance(Spliterators.java:958)
	at java.base/java.util.stream.ReferencePipeline.forEachWithCancel(ReferencePipeline.java:127)
	at java.base/java.util.stream.AbstractPipeline.copyIntoWithCancel(AbstractPipeline.java:502)
	at java.base/java.util.stream.AbstractPipeline.copyInto(AbstractPipeline.java:488)
	at java.base/java.util.stream.AbstractPipeline.wrapAndCopyInto(AbstractPipeline.java:474)
	at java.base/java.util.stream.FindOps$FindOp.evaluateSequential(FindOps.java:150)
	at java.base/java.util.stream.AbstractPipeline.evaluate(AbstractPipeline.java:234)
	at java.base/java.util.stream.ReferencePipeline.findFirst(ReferencePipeline.java:543)
	at org.openqa.selenium.remote.ProtocolHandshake.createSession(ProtocolHandshake.java:128)
	at org.openqa.selenium.remote.ProtocolHandshake.createSession(ProtocolHandshake.java:74)
	at org.openqa.selenium.remote.HttpCommandExecutor.execute(HttpCommandExecutor.java:136)
	at org.openqa.selenium.remote.service.DriverCommandExecutor.execute(DriverCommandExecutor.java:83)
	at org.openqa.selenium.remote.RemoteWebDriver.execute(RemoteWebDriver.java:552)
	at org.openqa.selenium.remote.RemoteWebDriver.startSession(RemoteWebDriver.java:213)
	at org.openqa.selenium.remote.RemoteWebDriver.<init>(RemoteWebDriver.java:131)
	at org.openqa.selenium.chrome.ChromeDriver.<init>(ChromeDriver.java:174)
	at org.openqa.selenium.chrome.ChromeDriver.<init>(ChromeDriver.java:163)
	at org.openqa.selenium.chrome.ChromeDriver.<init>(ChromeDriver.java:120)
	at com.pft.qa.HandlingFlash.setup(HandlingFlash.java:20)
	at java.base/jdk.internal.reflect.NativeMethodAccessorImpl.invoke0(Native Method)
	at java.base/jdk.internal.reflect.NativeMethodAccessorImpl.invoke(NativeMethodAccessorImpl.java:62)
	at java.base/jdk.internal.reflect.DelegatingMethodAccessorImpl.invoke(DelegatingMethodAccessorImpl.java:43)
	at java.base/java.lang.reflect.Method.invoke(Method.java:567)
	at org.testng.internal.MethodInvocationHelper.invokeMethod(MethodInvocationHelper.java:80)
	at org.testng.internal.Invoker.invokeConfigurationMethod(Invoker.java:564)
	at org.testng.internal.Invoker.invokeConfigurations(Invoker.java:213)
	at org.testng.internal.Invoker.invokeConfigurations(Invoker.java:138)
	at org.testng.TestRunner.beforeRun(TestRunner.java:641)
	at org.testng.TestRunner.run(TestRunner.java:609)
	at org.testng.SuiteRunner.runTest(SuiteRunner.java:334)
	at org.testng.SuiteRunner.runSequentially(SuiteRunner.java:329)
	at org.testng.SuiteRunner.privateRun(SuiteRunner.java:291)
	at org.testng.SuiteRunner.run(SuiteRunner.java:240)
	at org.testng.SuiteRunnerWorker.runSuite(SuiteRunnerWorker.java:52)
	at org.testng.SuiteRunnerWorker.run(SuiteRunnerWorker.java:86)
	at org.testng.TestNG.runSuitesSequentially(TestNG.java:1198)
	at org.testng.TestNG.runSuitesLocally(TestNG.java:1123)
	at org.testng.TestNG.run(TestNG.java:1031)
	at org.testng.remote.AbstractRemoteTestNG.run(AbstractRemoteTestNG.java:115)
	at org.testng.remote.RemoteTestNG.initAndRun(RemoteTestNG.java:251)
	at org.testng.remote.RemoteTestNG.main(RemoteTestNG.java:77)
]]>
    </failure>
  </testcase> <!-- settings -->
</testsuite> <!-- com.pft.qa.HandlingFlash -->
